#
# A fatal error has been detected by the Java Runtime Environment:
#
#  Internal Error (javaCalls.cpp:51), pid=18320, tid=0x0000000000002590
#  guarantee(thread->is_Java_thread()) failed: crucial check - the VM thread cannot and must not escape to Java code
#
# JRE version: Java(TM) SE Runtime Environment (8.0_201-b09) (build 1.8.0_201-b09)
# Java VM: Java HotSpot(TM) 64-Bit Server VM (25.201-b09 mixed mode windows-amd64 compressed oops)
# Failed to write core dump. Minidumps are not enabled by default on client versions of Windows
#
# If you would like to submit a bug report, please visit:
#   http://bugreport.java.com/bugreport/crash.jsp
#

---------------  T H R E A D  ---------------

Current thread (0x000000001808a000):  VMThread [stack: 0x0000000019d70000,0x0000000019e70000] [id=9616]

Stack: [0x0000000019d70000,0x0000000019e70000]
[error occurred during error reporting (printing stack bounds), id 0xc0000005]

Native frames: (J=compiled Java code, j=interpreted, Vv=VM code, C=native code)

VM_Operation (0x000000001abaf550): GetOrSetLocal, mode: safepoint, requested by thread 0x0000000019eac000


---------------  P R O C E S S  ---------------

Java Threads: ( => current thread )
  0x0000000019fd7000 JavaThread "Service Thread" daemon [_thread_blocked, id=17296, stack(0x000000001b1b0000,0x000000001b2b0000)]
  0x0000000019fca800 JavaThread "C1 CompilerThread3" daemon [_thread_blocked, id=18860, stack(0x000000001b0b0000,0x000000001b1b0000)]
  0x0000000019fc9800 JavaThread "C2 CompilerThread2" daemon [_thread_blocked, id=4704, stack(0x000000001afb0000,0x000000001b0b0000)]
  0x0000000019fc9000 JavaThread "C2 CompilerThread1" daemon [_thread_blocked, id=17788, stack(0x000000001aeb0000,0x000000001afb0000)]
  0x0000000019fc0800 JavaThread "C2 CompilerThread0" daemon [_thread_blocked, id=20200, stack(0x000000001adb0000,0x000000001aeb0000)]
  0x0000000019eba000 JavaThread "JDWP Command Reader" daemon [_thread_in_native, id=17852, stack(0x000000001acb0000,0x000000001adb0000)]
  0x0000000019eb7000 JavaThread "JDWP Event Helper Thread" daemon [_thread_blocked, id=5396, stack(0x000000001abb0000,0x000000001acb0000)]
  0x0000000019eac000 JavaThread "JDWP Transport Listener: dt_socket" daemon [_thread_blocked, id=18572, stack(0x000000001aab0000,0x000000001abb0000)]
  0x0000000019ea2000 JavaThread "Attach Listener" daemon [_thread_blocked, id=4168, stack(0x000000001a670000,0x000000001a770000)]
  0x0000000019ea0800 JavaThread "Signal Dispatcher" daemon [_thread_blocked, id=8936, stack(0x000000001a570000,0x000000001a670000)]
  0x0000000003288000 JavaThread "Finalizer" daemon [_thread_blocked, id=2696, stack(0x000000001a370000,0x000000001a470000)]
  0x0000000019e90800 JavaThread "Reference Handler" daemon [_thread_blocked, id=19236, stack(0x000000001a270000,0x000000001a370000)]
  0x000000000308e800 JavaThread "main" [_thread_blocked, id=20032, stack(0x0000000002d90000,0x0000000002e90000)]

Other Threads:
=>0x000000001808a000 VMThread [stack: 0x0000000019d70000,0x0000000019e70000] [id=9616]
  0x000000001a117800 WatcherThread [stack: 0x000000001b2b0000,0x000000001b3b0000] [id=9028]

VM state:at safepoint (normal execution)

VM Mutex/Monitor currently owned by a thread:  ([mutex/lock_event])
[0x00000000031906d0] Threads_lock - owner thread: 0x000000001808a000

heap address: 0x0000000084200000, size: 1982 MB, Compressed Oops mode: 32-bit
Narrow klass base: 0x0000000000000000, Narrow klass shift: 3
Compressed class space size: 1073741824 Address: 0x0000000100000000

Heap:
 PSYoungGen      total 36864K, used 6391K [0x00000000d6b80000, 0x00000000d9480000, 0x0000000100000000)
  eden space 31744K, 20% used [0x00000000d6b80000,0x00000000d71bdf70,0x00000000d8a80000)
  from space 5120K, 0% used [0x00000000d8f80000,0x00000000d8f80000,0x00000000d9480000)
  to   space 5120K, 0% used [0x00000000d8a80000,0x00000000d8a80000,0x00000000d8f80000)
 ParOldGen       total 84992K, used 0K [0x0000000084200000, 0x0000000089500000, 0x00000000d6b80000)
  object space 84992K, 0% used [0x0000000084200000,0x0000000084200000,0x0000000089500000)
 Metaspace       used 4888K, capacity 4946K, committed 5248K, reserved 1056768K
  class space    used 514K, capacity 561K, committed 640K, reserved 1048576K

Card table byte_map: [0x0000000012650000,0x0000000012a30000] byte_map_base: 0x000000001222f000

Marking Bits: (ParMarkBitMap*) 0x0000000076bc4ce0
 Begin Bits: [0x00000000134d0000, 0x00000000153c8000)
 End Bits:   [0x00000000153c8000, 0x00000000172c0000)

Polling page: 0x0000000002e90000

CodeCache: size=245760Kb used=1346Kb max_used=1357Kb free=244413Kb
 bounds [0x0000000003290000, 0x0000000003500000, 0x0000000012290000]
 total_blobs=402 nmethods=119 adapters=204
 compilation: enabled

Compilation events (10 events):
Event: 72608.154 Thread 0x0000000019fca800  115       3       org.eclipse.jdt.launching.internal.org.objectweb.asm.ClassReader::readUTF8 (23 bytes)
Event: 72608.154 Thread 0x0000000019fca800 nmethod 115 0x00000000033df6d0 code [0x00000000033df840, 0x00000000033dfba8]
Event: 73951.333 Thread 0x0000000019fca800  116       3       java.lang.String::<init> (10 bytes)
Event: 73951.333 Thread 0x0000000019fca800 nmethod 116 0x00000000033dfd50 code [0x00000000033dfea0, 0x00000000033e0070]
Event: 73951.333 Thread 0x0000000019fca800  118       3       org.eclipse.jdt.launching.internal.org.objectweb.asm.SymbolTable::hash (10 bytes)
Event: 73951.334 Thread 0x0000000019fca800 nmethod 118 0x00000000033e0110 code [0x00000000033e0280, 0x00000000033e0488]
Event: 73951.334 Thread 0x0000000019fca800  117       3       org.eclipse.jdt.launching.internal.org.objectweb.asm.SymbolTable::addConstantUtf8 (20 bytes)
Event: 73951.335 Thread 0x0000000019fca800 nmethod 117 0x00000000033e0550 code [0x00000000033e06e0, 0x00000000033e0b08]
Event: 74393.378 Thread 0x0000000019fc9800  119       4       org.eclipse.jdt.launching.internal.org.objectweb.asm.ClassReader::readUnsignedShort (26 bytes)
Event: 74393.388 Thread 0x0000000019fc9800 nmethod 119 0x00000000033e3a50 code [0x00000000033e3ba0, 0x00000000033e3c98]

GC Heap History (0 events):
No events

Deoptimization events (0 events):
No events

Classes redefined (7 events):
Event: 72291.394 Thread 0x000000001808a000 redefined class name=TestArray, count=1
Event: 72405.338 Thread 0x000000001808a000 redefined class name=TestArray, count=2
Event: 72417.390 Thread 0x000000001808a000 redefined class name=TestArray, count=3
Event: 72546.109 Thread 0x000000001808a000 redefined class name=TestArray, count=4
Event: 72608.153 Thread 0x000000001808a000 redefined class name=TestArray, count=5
Event: 73951.334 Thread 0x000000001808a000 redefined class name=TestArray, count=6
Event: 74393.379 Thread 0x000000001808a000 redefined class name=TestArray, count=7

Internal exceptions (2 events):
Event: 0.032 Thread 0x000000000308e800 Exception <a 'java/lang/NoSuchMethodError': Method sun.misc.Unsafe.defineClass(Ljava/lang/String;[BII)Ljava/lang/Class; name or signature does not match> (0x00000000d6b87cb0) thrown at [C:\re\workspace\8-2-build-windows-amd64-cygwin\jdk8u201\12322\hotspot
Event: 0.032 Thread 0x000000000308e800 Exception <a 'java/lang/NoSuchMethodError': Method sun.misc.Unsafe.prefetchRead(Ljava/lang/Object;J)V name or signature does not match> (0x00000000d6b87f98) thrown at [C:\re\workspace\8-2-build-windows-amd64-cygwin\jdk8u201\12322\hotspot\src\share\vm\prim

Events (10 events):
Event: 74393.400 Executing VM operation: ChangeBreakpoints done
Event: 74393.401 Executing VM operation: ChangeBreakpoints
Event: 74393.401 Executing VM operation: ChangeBreakpoints done
Event: 74393.405 Executing VM operation: ChangeBreakpoints
Event: 74393.405 Executing VM operation: ChangeBreakpoints done
Event: 74393.643 Executing VM operation: GetOwnedMonitorInfo
Event: 74393.643 Executing VM operation: GetOwnedMonitorInfo done
Event: 74393.643 Executing VM operation: GetCurrentContendedMonitor
Event: 74393.643 Executing VM operation: GetCurrentContendedMonitor done
Event: 87836.510 Executing VM operation: GetOrSetLocal


Dynamic libraries:
0x00007ff6d6400000 - 0x00007ff6d6437000 	C:\Program Files\Java\jdk1.8.0_201\bin\javaw.exe
0x00007ffa8e3b0000 - 0x00007ffa8e5c4000 	C:\WINDOWS\SYSTEM32\ntdll.dll
0x00007ffa8d6f0000 - 0x00007ffa8d7b4000 	C:\WINDOWS\System32\KERNEL32.DLL
0x00007ffa8bdc0000 - 0x00007ffa8c164000 	C:\WINDOWS\System32\KERNELBASE.dll
0x0000000077f50000 - 0x0000000077ffe000 	C:\WINDOWS\System32\SYSFER.DLL
0x00007ffa8d7c0000 - 0x00007ffa8d870000 	C:\WINDOWS\System32\ADVAPI32.dll
0x00007ffa8e100000 - 0x00007ffa8e1a7000 	C:\WINDOWS\System32\msvcrt.dll
0x00007ffa8d960000 - 0x00007ffa8da06000 	C:\WINDOWS\System32\sechost.dll
0x00007ffa8c4c0000 - 0x00007ffa8c5d7000 	C:\WINDOWS\System32\RPCRT4.dll
0x00007ffa8c310000 - 0x00007ffa8c4ba000 	C:\WINDOWS\System32\USER32.dll
0x00007ffa8bc70000 - 0x00007ffa8bc96000 	C:\WINDOWS\System32\win32u.dll
0x00007ffa8c180000 - 0x00007ffa8c1a9000 	C:\WINDOWS\System32\GDI32.dll
0x00007ffa8bca0000 - 0x00007ffa8bdb9000 	C:\WINDOWS\System32\gdi32full.dll
0x00007ffa8b8c0000 - 0x00007ffa8b95a000 	C:\WINDOWS\System32\msvcp_win.dll
0x00007ffa8b960000 - 0x00007ffa8ba71000 	C:\WINDOWS\System32\ucrtbase.dll
0x00007ffa73480000 - 0x00007ffa7370f000 	C:\WINDOWS\WinSxS\amd64_microsoft.windows.common-controls_6595b64144ccf1df_6.0.22621.2070_none_2713e6537381f706\COMCTL32.dll
0x00007ffa8df90000 - 0x00007ffa8dfc1000 	C:\WINDOWS\System32\IMM32.DLL
0x0000000076c50000 - 0x0000000076d21000 	C:\Program Files\Java\jdk1.8.0_201\jre\bin\msvcr100.dll
0x00000000763a0000 - 0x0000000076c44000 	C:\Program Files\Java\jdk1.8.0_201\jre\bin\server\jvm.dll
0x00007ffa8d890000 - 0x00007ffa8d898000 	C:\WINDOWS\System32\PSAPI.DLL
0x00007ffa6cc90000 - 0x00007ffa6cc99000 	C:\WINDOWS\SYSTEM32\WSOCK32.dll
0x00007ffa8e030000 - 0x00007ffa8e0a1000 	C:\WINDOWS\System32\WS2_32.dll
0x00007ffa7ee40000 - 0x00007ffa7ee74000 	C:\WINDOWS\SYSTEM32\WINMM.dll
0x00007ffa795a0000 - 0x00007ffa795aa000 	C:\WINDOWS\SYSTEM32\VERSION.dll
0x00007ffa7da00000 - 0x00007ffa7da0f000 	C:\Program Files\Java\jdk1.8.0_201\jre\bin\verify.dll
0x00007ffa70210000 - 0x00007ffa70239000 	C:\Program Files\Java\jdk1.8.0_201\jre\bin\java.dll
0x00007ffa701d0000 - 0x00007ffa70205000 	C:\Program Files\Java\jdk1.8.0_201\jre\bin\jdwp.dll
0x00007ffa7d9d0000 - 0x00007ffa7d9d8000 	C:\Program Files\Java\jdk1.8.0_201\jre\bin\npt.dll
0x00007ffa701a0000 - 0x00007ffa701c3000 	C:\Program Files\Java\jdk1.8.0_201\jre\bin\instrument.dll
0x00007ffa70260000 - 0x00007ffa70276000 	C:\Program Files\Java\jdk1.8.0_201\jre\bin\zip.dll
0x00007ffa8ce60000 - 0x00007ffa8d676000 	C:\WINDOWS\System32\SHELL32.dll
0x00007ffa89440000 - 0x00007ffa89d2a000 	C:\WINDOWS\SYSTEM32\windows.storage.dll
0x00007ffa8c5e0000 - 0x00007ffa8c96a000 	C:\WINDOWS\System32\combase.dll
0x00007ffa89300000 - 0x00007ffa8943e000 	C:\WINDOWS\SYSTEM32\wintypes.dll
0x00007ffa8cba0000 - 0x00007ffa8cc93000 	C:\WINDOWS\System32\SHCORE.dll
0x00007ffa8d680000 - 0x00007ffa8d6de000 	C:\WINDOWS\System32\shlwapi.dll
0x00007ffa8b6c0000 - 0x00007ffa8b6e6000 	C:\WINDOWS\SYSTEM32\profapi.dll
0x00007ffa7c6e0000 - 0x00007ffa7c6e9000 	C:\Program Files\Java\jdk1.8.0_201\jre\bin\dt_socket.dll
0x00007ffa4cba0000 - 0x00007ffa4cbb7000 	C:\WINDOWS\system32\napinsp.dll
0x00007ffa4cb80000 - 0x00007ffa4cb9b000 	C:\WINDOWS\system32\pnrpnsp.dll
0x00007ffa8ac50000 - 0x00007ffa8acb9000 	C:\WINDOWS\System32\mswsock.dll
0x00007ffa89fb0000 - 0x00007ffa8a0a3000 	C:\WINDOWS\SYSTEM32\DNSAPI.dll
0x00007ffa89f80000 - 0x00007ffa89fad000 	C:\WINDOWS\SYSTEM32\IPHLPAPI.DLL
0x00007ffa8d6e0000 - 0x00007ffa8d6e9000 	C:\WINDOWS\System32\NSI.dll
0x00007ffa4cb60000 - 0x00007ffa4cb71000 	C:\WINDOWS\System32\winrnr.dll
0x00007ffa795b0000 - 0x00007ffa795c5000 	C:\WINDOWS\system32\wshbth.dll
0x00007ffa4cb30000 - 0x00007ffa4cb51000 	C:\WINDOWS\system32\nlansp_c.dll
0x00007ffa7d630000 - 0x00007ffa7d6b4000 	C:\WINDOWS\System32\fwpuclnt.dll
0x00007ffa7e200000 - 0x00007ffa7e20a000 	C:\Windows\System32\rasadhlp.dll

VM Arguments:
jvm_args: -agentlib:jdwp=transport=dt_socket,suspend=y,address=localhost:63527 -javaagent:C:\Users\Virendra\eclipse\java-2021-09\eclipse\configuration\org.eclipse.osgi\1159\0\.cp\lib\javaagent-shaded.jar -Dfile.encoding=windows-1252 
java_command: TestArray
java_class_path (initial): C:\Users\Virendra\eclipse-workspace\CoreJava\bin;C:\Users\Virendra\Desktop\Learn Testing\JAR Files\JUnit Jar files\dom4j-1.6.1.jar;C:\Users\Virendra\Desktop\Learn Testing\JAR Files\JUnit Jar files\log4j-1.2.17.jar;C:\Users\Virendra\Desktop\Learn Testing\JAR Files\JUnit Jar files\poi-3.14.jar;C:\Users\Virendra\Desktop\Learn Testing\JAR Files\JUnit Jar files\poi-ooxml-3.14.jar;C:\Users\Virendra\Desktop\Learn Testing\JAR Files\JUnit Jar files\poi-ooxml-schemas-3.14.jar;C:\Users\Virendra\eclipse\java-2021-09\eclipse\configuration\org.eclipse.osgi\1159\0\.cp\lib\javaagent-shaded.jar
Launcher Type: SUN_STANDARD

Environment Variables:
JAVA_HOME=C:\Program Files\Java\jdk-19
PATH=C:\Program Files\Java\jdk1.8.0_201\jre\bin;C:/Users/Virendra/.p2/pool/plugins/org.eclipse.justj.openjdk.hotspot.jre.full.win32.x86_64_17.0.0.v20211012-1059/jre/bin/server;C:/Users/Virendra/.p2/pool/plugins/org.eclipse.justj.openjdk.hotspot.jre.full.win32.x86_64_17.0.0.v20211012-1059/jre/bin;C:\Program Files\Common Files\Oracle\Java\javapath;C:\Program Files (x86)\Common Files\Oracle\Java\javapath;C:\WINDOWS\system32;C:\WINDOWS;C:\WINDOWS\System32\Wbem;C:\WINDOWS\System32\WindowsPowerShell\v1.0\;C:\WINDOWS\System32\OpenSSH\;C:\Program Files\Microsoft SQL Server\Client SDK\ODBC\110\Tools\Binn\;C:\Program Files (x86)\Microsoft SQL Server\120\Tools\Binn\ManagementStudio\;C:\Program Files (x86)\Microsoft SQL Server\120\Tools\Binn\;C:\Program Files\Microsoft SQL Server\120\Tools\Binn\;C:\Program Files (x86)\Microsoft SQL Server\120\DTS\Binn\;C:\Program Files\Microsoft SQL Server\120\DTS\Binn\;C:\Program Files\Java\jdk-19\bin;C:\Program Files\apache-maven-3.8.3\bin;C:\Users\Virendra\AppData\Local\Microsoft\WindowsApps;C:\Users\Virendra\AppData\Local\Programs\Git\cmd;C:\Users\Virendra\Desktop;
USERNAME=Virendra
OS=Windows_NT
PROCESSOR_IDENTIFIER=Intel64 Family 6 Model 140 Stepping 1, GenuineIntel



---------------  S Y S T E M  ---------------

OS: Windows 10.0 , 64 bit Build 22621 (10.0.22621.2070)

CPU:total 8 (initial active 8) (4 cores per cpu, 2 threads per core) family 6 model 140 stepping 1, cmov, cx8, fxsr, mmx, sse, sse2, sse3, ssse3, sse4.1, sse4.2, popcnt, avx, avx2, aes, clmul, erms, 3dnowpref, lzcnt, ht, tsc, tscinvbit, bmi1, bmi2, adx

Memory: 4k page, physical 8117024k(665932k free), swap 22272800k(7915992k free)

vm_info: Java HotSpot(TM) 64-Bit Server VM (25.201-b09) for windows-amd64 JRE (1.8.0_201-b09), built on Dec 15 2018 18:36:39 by "java_re" with MS VC++ 10.0 (VS2010)

time: Sat Aug 19 17:15:31 2023
timezone: India Standard Time
elapsed time: 87836 seconds (1d 0h 23m 56s)

